  compilation object save succeeded; see C:\Users\bcher\Documents\GitHub\DriveLearnin\DriveLearning\x64\Debug\DriveLearning\SamplePixelShader.cso
  compilation object save succeeded; see C:\Users\bcher\Documents\GitHub\DriveLearnin\DriveLearning\x64\Debug\DriveLearning\SampleVertexShader.cso
  pch.cpp
  App.cpp
  DeviceResources.cpp
  DriveLearningMain.cpp
  SampleFpsTextRenderer.cpp
  Sample3DSceneRenderer.cpp
C:\Users\bcher\Documents\GitHub\DriveLearnin\DriveLearning\DriveLearningMain.h(30,8): error C2061: syntax error: identifier 'unique_ptr'
  (compiling source file '/App.cpp')
  
C:\Users\bcher\Documents\GitHub\DriveLearnin\DriveLearning\DriveLearningMain.h(30,59): error C2238: unexpected token(s) preceding ';'
  (compiling source file '/App.cpp')
  
C:\Users\bcher\Documents\GitHub\DriveLearnin\DriveLearning\DriveLearningMain.h(30,8): error C2061: syntax error: identifier 'unique_ptr'
  (compiling source file '/DriveLearningMain.cpp')
  
C:\Users\bcher\Documents\GitHub\DriveLearnin\DriveLearning\DriveLearningMain.h(30,59): error C2238: unexpected token(s) preceding ';'
  (compiling source file '/DriveLearningMain.cpp')
  
C:\Users\bcher\Documents\GitHub\DriveLearnin\DriveLearning\DriveLearningMain.cpp(20,2): error C2065: 'm_fpsTextRenderer': undeclared identifier
  (compiling source file '/DriveLearningMain.cpp')
  
C:\Users\bcher\Documents\GitHub\DriveLearnin\DriveLearning\DriveLearningMain.cpp(51,3): error C2065: 'm_fpsTextRenderer': undeclared identifier
  (compiling source file '/DriveLearningMain.cpp')
  
C:\Users\bcher\Documents\GitHub\DriveLearnin\DriveLearning\DriveLearningMain.cpp(83,2): error C2065: 'm_fpsTextRenderer': undeclared identifier
  (compiling source file '/DriveLearningMain.cpp')
  
C:\Users\bcher\Documents\GitHub\DriveLearnin\DriveLearning\DriveLearningMain.cpp(92,2): error C2065: 'm_fpsTextRenderer': undeclared identifier
  (compiling source file '/DriveLearningMain.cpp')
  
C:\Users\bcher\Documents\GitHub\DriveLearnin\DriveLearning\DriveLearningMain.cpp(99,2): error C2065: 'm_fpsTextRenderer': undeclared identifier
  (compiling source file '/DriveLearningMain.cpp')
  
